<?xml version="1.0" encoding="UTF-8"?>
<!-- Generated by org.testng.reporters.JUnitReportReporter -->
<testsuite skipped="0" hostname="Sushant" name="com.massmutual.runners.DryTestRunner" tests="1" failures="0" timestamp="8 Feb 2021 03:12:30 GMT" time="0.806" errors="0">
  <testcase name="feature" time="0.806" classname="com.massmutual.runners.DryTestRunner"/>
</testsuite> <!-- com.massmutual.runners.DryTestRunner -->
